0 30 254 43 300 -75 88
30 30 127 40 300 -75 88
0 0 249 172 300 -75 88
30 0 128 168 300 -75 88
30 0 126 170 300 -75 88
0 0 252 173 300 -75 88
-30 5 242 150 300 75 88
-30 15 243 108 300 75 88
0 20 122 86 300 75 88
0 30 120 38 300 75 88
0 65 172 201 15 0 88
30 65 138 205 15 0 88
-60 65 186 176 15 15 88
-30 65 141 175 15 15 88
30 65 64 237 15 15 88
0 75 98 150 15 15 88
-30 65 140 175 15 15 88
30 65 202 175 15 -15 88
60 65 155 170 15 -15 88
30 75 201 132 15 -15 88
30 65 201 175 15 -15 88
0 65 242 205 15 -15 88
60 65 155 171 15 -15 88
0 65 173 137 30 0 88
0 75 175 90 30 0 88
90 65 109 184 15 -15 88
0 65 243 206 15 -15 88
30 65 201 174 15 -15 88
60 65 156 169 15 -15 88
90 75 110 143 15 -15 88
30 55 203 223 15 -15 88
90 75 110 143 15 -15 88
-30 65 141 175 15 15 88
-60 65 187 175 15 15 88
-90 65 227 200 15 15 88
0 75 100 150 15 15 88
-60 65 186 178 15 15 88
0 65 172 198 15 0 88
0 65 172 199 15 0 88
30 65 138 203 15 0 88
0 75 173 154 15 0 88
30 65 139 204 15 0 88
0 65 172 200 15 0 88
60 65 57 181 30 0 88
30 65 113 142 30 0 88

0 65 174 135 30 0 88
30 65 113 143 30 0 88
-30 65 234 154 30 0 88
90 40 212 27 0 -240 88
90 30 208 69 0 -240 88
90 15 208 134 0 -240 88
90 0 212 196 0 -240 88
90 40 212 28 0 -240 88
-90 25 160 78 0 240 88
-90 30 160 58 0 240 88
-60 0 30 195 0 240 88
-60 5 31 173 0 240 88
-90 30 159 58 0 240 88
-90 0 159 185 0 240 88
0 15 251 113 300 -75 88
30 5 127 149 300 -75 88
-30 30 249 40 300 75 88
0 30 120 39 300 75 88
0 30 121 38 300 75 88
-30 0 245 169 300 75 88
0 0 122 166 300 75 88
0 0 124 164 300 75 88
0 0 123 167 300 75 88
-30 15 242 109 300 75 88
0 15 124 106 300 75 88
0 20 123 86 300 75 88